<?xml version="1.0" encoding="UTF-8"?>
<testng-results skipped="0" failed="0" ignored="0" total="1" passed="1">
  <reporter-output>
  </reporter-output>
  <suite name="Default suite" duration-ms="564" started-at="2018-09-19T10:30:43Z" finished-at="2018-09-19T10:30:43Z">
    <groups>
    </groups>
    <test name="Default test" duration-ms="564" started-at="2018-09-19T10:30:43Z" finished-at="2018-09-19T10:30:43Z">
      <class name="com.Day3.DataDrivenWithExcel">
        <test-method status="PASS" signature="testcase(java.lang.String, java.lang.String)[pri:0, instance:com.Day3.DataDrivenWithExcel@59fa1d9b]" name="testcase" duration-ms="10" started-at="2018-09-19T10:30:43Z" data-provider="monika" finished-at="2018-09-19T10:30:43Z">
          <params>
            <param index="0">
              <value>
                <![CDATA[Monika]]>
              </value>
            </param>
            <param index="1">
              <value>
                <![CDATA[Monika123]]>
              </value>
            </param>
          </params>
          <reporter-output>
          </reporter-output>
        </test-method> <!-- testcase -->
      </class> <!-- com.Day3.DataDrivenWithExcel -->
    </test> <!-- Default test -->
  </suite> <!-- Default suite -->
</testng-results>
