<?xml version="1.0" encoding="UTF-8"?>
<!-- Generated by org.testng.reporters.JUnitXMLReporter -->
<testsuite hostname="BDC4-L-DB27QQ2" ignored="1" name="MyFirstTest" tests="4" failures="0" timestamp="17 Sep 2018 09:16:09 GMT" time="9.437" errors="0">
  <testcase name="beta" time="0.005" classname="com.Day1.TestNg.Annotations"/>
  <testcase name="testcase" time="9.35" classname="com.Day1.TestNg.BasicAnnotations"/>
  <testcase name="testcase" time="0.004" classname="com.Day1.TestNg.DataDrivenExample"/>
  <testcase name="testcase" time="0.005" classname="com.Day1.TestNg.DataDrivenExample"/>
  <testcase name="alpha" time="0.0" classname="com.Day1.TestNg.Annotations">
    <ignored/>
  </testcase> <!-- alpha -->
</testsuite> <!-- MyFirstTest -->
